<?xml version="1.0" encoding="UTF-8"?>
<testsuite name="todoapplication.model.CategoryFilterTest" tests="4" skipped="0" failures="0" errors="0" timestamp="2020-04-07T19:10:48" hostname="Emilys-MacBook-Pro.local" time="0.025">
  <properties/>
  <testcase name="filter" classname="todoapplication.model.CategoryFilterTest" time="0.021"/>
  <testcase name="testToString" classname="todoapplication.model.CategoryFilterTest" time="0.0"/>
  <testcase name="setCategoryToFilterOn" classname="todoapplication.model.CategoryFilterTest" time="0.0"/>
  <testcase name="getCategory" classname="todoapplication.model.CategoryFilterTest" time="0.001"/>
  <system-out><![CDATA[]]></system-out>
  <system-err><![CDATA[]]></system-err>
</testsuite>
